#
# A fatal error has been detected by the Java Runtime Environment:
#
#  EXCEPTION_ACCESS_VIOLATION (0xc0000005) at pc=0x0000000200000001, pid=9844, tid=14660
#
# JRE version: Java(TM) SE Runtime Environment (21.0.2+13) (build 21.0.2+13-LTS-58)
# Java VM: Java HotSpot(TM) 64-Bit Server VM (21.0.2+13-LTS-58, mixed mode, emulated-client, sharing, tiered, compressed oops, compressed class ptrs, g1 gc, windows-amd64)
# Problematic frame:
# V  [jvm.dll+0x358789]
#
# No core dump will be written. Minidumps are not enabled by default on client versions of Windows
#
# If you would like to submit a bug report, please visit:
#   https://bugreport.java.com/bugreport/crash.jsp
#

---------------  S U M M A R Y ------------

Command Line: -Dcom.sun.management.jmxremote -Dcom.sun.management.jmxremote.port=56672 -Dcom.sun.management.jmxremote.authenticate=false -Dcom.sun.management.jmxremote.ssl=false -Djava.rmi.server.hostname=localhost -Dspring.jmx.enabled=true -Dmanagement.endpoints.jmx.exposure.include=* -Dspring.application.admin.enabled=true -Dspring.output.ansi.enabled=always -XX:TieredStopAtLevel=1 -Dspring.boot.project.name=obs -Dfile.encoding=UTF-8 -Dstdout.encoding=UTF-8 -Dstderr.encoding=UTF-8 -XX:+ShowCodeDetailsInExceptionMessages com.hamit.obs.ObsWebApplication

Host: Intel(R) Core(TM) i5-6600 CPU @ 3.30GHz, 4 cores, 15G,  Windows 11 , 64 bit Build 22621 (10.0.22621.5415)
Time: Mon Feb  2 16:07:03 2026 FLE Standard Time elapsed time: 4.251647 seconds (0d 0h 0m 4s)

---------------  T H R E A D  ---------------

Current thread (0x000001e9a7edead0):  WorkerThread "GC Thread#1"    [id=14660, stack(0x00000042a8100000,0x00000042a8200000) (1024K)]

Stack: [0x00000042a8100000,0x00000042a8200000],  sp=0x00000042a81ff3e0,  free space=1020k
Native frames: (J=compiled Java code, j=interpreted, Vv=VM code, C=native code)
C  0x0000000200000001


siginfo: EXCEPTION_ACCESS_VIOLATION (0xc0000005), data execution prevention violation at address 0x0000000200000001


Registers:
RAX=0x00000000000001e9, RBX=0x0000000000000011, RCX=0x000001e9eecf9768, RDX=0x000000070378d298
RSP=0x00000042a81ff3d8, RBP=0x000001e9eecf95e0, RSI=0x000000070378d298, RDI=0x0000000000000011
R8 =0x000001e9a813d7c0, R9 =0x00007ff8a748ce40, R10=0x000001e99520fe40, R11=0x0000000000000014
R12=0x034b000000000003, R13=0x000001e9a813d7c0, R14=0x000000070378d298, R15=0x034b000000000003
RIP=0x0000000200000001, EFLAGS=0x0000000000010206


Register to memory mapping:

RAX=0x00000000000001e9 is an unknown value
RBX=0x0000000000000011 is an unknown value
RCX=0x000001e9eecf9768 points into unknown readable memory: 0x00007ff8a72a83a0 | a0 83 2a a7 f8 7f 00 00
RDX=
[error occurred during error reporting (printing register info), id 0xc0000005, EXCEPTION_ACCESS_VIOLATION (0xc0000005) at pc=0x00007ff8a6a0e3c1]
RSP=0x00000042a81ff3d8 points into unknown readable memory: 0x00007ff8a6c28789 | 89 87 c2 a6 f8 7f 00 00
RBP=0x000001e9eecf95e0 points into unknown readable memory: 0x00007ff8a72a83e8 | e8 83 2a a7 f8 7f 00 00
RSI=
[error occurred during error reporting (printing register info, attempt 2), id 0xc0000005, EXCEPTION_ACCESS_VIOLATION (0xc0000005) at pc=0x00007ff8a6a0e3c1]
RDI=0x0000000000000011 is an unknown value
R8 =0x000001e9a813d7c0 is pointing into metadata
R9 =0x00007ff8a748ce40 jvm.dll
R10=0x000001e99520fe40 points into unknown readable memory: 0x00007ff8a72a29a8 | a8 29 2a a7 f8 7f 00 00
R11=0x0000000000000014 is an unknown value
R12=0x034b000000000003 is an unknown value
R13=0x000001e9a813d7c0 is pointing into metadata
R14=
[error occurred during error reporting (printing register info, attempt 3), id 0xc0000005, EXCEPTION_ACCESS_VIOLATION (0xc0000005) at pc=0x00007ff8a6a0e3c1]
Top of Stack: (sp=0x00000042a81ff3d8)
0x00000042a81ff3d8:   00007ff8a6c28789 0000000000000011
0x00000042a81ff3e8:   000001e9eecf95e0 000000070378d298
0x00000042a81ff3f8:   00007ff8a6c267ef 00000007018bc47c
0x00000042a81ff408:   000001e9eecf9768 000001e9eecf95e0
0x00000042a81ff418:   000001e9a813d7c0 000001e9eecf95e0
0x00000042a81ff428:   0000000000000000 0000000000000002
0x00000042a81ff438:   00007ff8a6c27dbc 0000000000000011
0x00000042a81ff448:   000000070378d298 1a58000000000018
0x00000042a81ff458:   0000000000000002 0000000700000002
0x00000042a81ff468:   00007ff800000000 0000000000000011
0x00000042a81ff478:   000001e995232760 0000000000000011
0x00000042a81ff488:   0000000000000000 000001e9eecf9768
0x00000042a81ff498:   0000000000000000 0000000000000040
0x00000042a81ff4a8:   000001e9a7c2c470 0000000000000002
0x00000042a81ff4b8:   00000007018bc43c 000001e9951a5ed0
0x00000042a81ff4c8:   0000000000000993 000001e9eecf95e0
0x00000042a81ff4d8:   00007ff8a6c28efa 000001e9eecf0000
0x00000042a81ff4e8:   000001e9951a0100 000001e900000000
0x00000042a81ff4f8:   1a58000000000018 0000000701c72200
0x00000042a81ff508:   0000000000000007 00000042a81ff700
0x00000042a81ff518:   0000000701c72620 00000042a81ff700
0x00000042a81ff528:   00007ff8a6c255de 00000042a81ff5b0
0x00000042a81ff538:   000001e9eecf95e0 0000000701c3ec00
0x00000042a81ff548:   0000000000000040 000000000284640f
0x00000042a81ff558:   000000033eb83aae 0000000000000002
0x00000042a81ff568:   00000042a81ff700 000001e995220e70
0x00000042a81ff578:   00007ff8a6c326ab 0000000000000007
0x00000042a81ff588:   000001e995220e70 00000042a81ff700
0x00000042a81ff598:   00007ff8a6f93a3f 0000000701c72200
0x00000042a81ff5a8:   0000000000000080 00007ff8a72a9618
0x00000042a81ff5b8:   0000000000000000 000001e99519d900
0x00000042a81ff5c8:   000001e9eecf95e0 00000042a81ff750 

Instructions: (pc=0x00007ff8a6c28789)
0x00007ff8a6c28689:   4d 08 4c 8b c6 e8 9d 20 fd ff 48 8b bd 40 02 00
0x00007ff8a6c28699:   00 0f b6 c3 4c 8b 74 24 68 24 03 3c 01 75 0f 48
0x00007ff8a6c286a9:   b8 00 ff ff ff 7f 00 00 00 48 85 d8 74 39 48 8b
0x00007ff8a6c286b9:   57 20 48 89 74 24 30 48 89 5c 24 38 48 3b 57 08
0x00007ff8a6c286c9:   75 0a 48 8b cf e8 ad fd f2 ff 33 d2 48 8b 47 38
0x00007ff8a6c286d9:   48 8b ca 0f 28 44 24 30 48 03 c9 0f 11 04 c8 48
0x00007ff8a6c286e9:   8d 42 01 48 89 47 20 80 3d 27 4e 86 00 00 48 8b
0x00007ff8a6c286f9:   7c 24 60 74 15 8b 46 08 8b 0d 71 38 86 00 48 d3
0x00007ff8a6c28709:   e0 48 03 05 5f 38 86 00 eb 04 48 8b 46 08 83 78
0x00007ff8a6c28719:   0c 04 75 17 48 63 05 b4 1f 8c 00 0f b6 04 30 a8
0x00007ff8a6c28729:   08 75 08 48 8b ce e8 9c 5e 3f 00 48 8d 8d 48 02
0x00007ff8a6c28739:   00 00 49 8b d7 48 8b 01 ff 10 c7 85 a8 01 00 00
0x00007ff8a6c28749:   00 00 00 00 80 3d ca 4d 86 00 00 74 16 44 8b 46
0x00007ff8a6c28759:   08 8b 0d 18 38 86 00 49 d3 e0 4c 03 05 06 38 86
0x00007ff8a6c28769:   00 eb 04 4c 8b 46 08 49 63 40 0c 4c 8d 0d c5 46
0x00007ff8a6c28779:   86 00 48 8d 8d 88 01 00 00 48 8b d6 41 ff 14 c1
0x00007ff8a6c28789:   48 8b c6 48 8b 5c 24 70 48 83 c4 40 41 5f 5e 5d
0x00007ff8a6c28799:   c3 cc cc cc cc cc cc 48 89 5c 24 08 57 48 83 ec
0x00007ff8a6c287a9:   20 48 8b 79 10 48 8b da 8b 97 80 00 00 00 8b 87
0x00007ff8a6c287b9:   00 01 00 00 8b ca 2b c8 81 e1 ff ff 01 00 81 f9
0x00007ff8a6c287c9:   fe ff 01 00 73 24 48 8b 87 80 01 00 00 48 89 1c
0x00007ff8a6c287d9:   d0 8d 42 01 25 ff ff 01 00 89 87 80 00 00 00 48
0x00007ff8a6c287e9:   8b 5c 24 30 48 83 c4 20 5f c3 48 8b 8f a0 02 00
0x00007ff8a6c287f9:   00 48 3b 8f 88 02 00 00 75 0e 48 8d 8f 80 02 00
0x00007ff8a6c28809:   00 e8 01 fc f2 ff 33 c9 48 8b 87 b8 02 00 00 48
0x00007ff8a6c28819:   89 1c c8 48 8d 41 01 48 8b 5c 24 30 48 89 87 a0
0x00007ff8a6c28829:   02 00 00 48 83 c4 20 5f c3 cc cc cc cc cc cc cc
0x00007ff8a6c28839:   cc cc cc cc cc cc cc 48 89 5c 24 10 48 89 6c 24
0x00007ff8a6c28849:   18 56 48 83 ec 30 33 db 48 8b ea 48 8b f1 39 99
0x00007ff8a6c28859:   c8 01 00 00 76 67 48 89 7c 24 40 0f 1f 40 00 0f
0x00007ff8a6c28869:   1f 84 00 00 00 00 00 48 8b 86 b8 01 00 00 48 8b
0x00007ff8a6c28879:   14 d8 8b 45 48 48 8d 0c 80 48 8b 82 28 02 00 00 


Stack slot to memory mapping:

stack at sp + 0 slots: 0x0000000000000011 is an unknown value
stack at sp + 1 slots: 0x000001e9eecf95e0 points into unknown readable memory: 0x00007ff8a72a83e8 | e8 83 2a a7 f8 7f 00 00
stack at sp + 2 slots: 
[error occurred during error reporting (inspecting top of stack), id 0xc0000005, EXCEPTION_ACCESS_VIOLATION (0xc0000005) at pc=0x00007ff8a6a0e3c1]
stack at sp + 3 slots: 0x00007ff8a6c267ef jvm.dll
stack at sp + 4 slots: 0x00000007018bc47c is pointing into object: java.lang.String 
{0x00000007018bc468} - klass: 'java/lang/String'
 - string: "org.springframework.boot.autoconfigure.condition.ConditionalOnProperty"
 - ---- fields (total size 3 words):
 - private 'hash' 'I' @12  -362342597 (0xea67173b)
 - private final 'coder' 'B' @16  0 (0x00)
 - private 'hashIsZero' 'Z' @17  false (0x00)
 - injected 'flags' 'B' @18  0 (0x00)
 - private final 'value' '[B' @20  [B{0x00000007018bc480} (0xe0317890)
stack at sp + 5 slots: 0x000001e9eecf9768 points into unknown readable memory: 0x00007ff8a72a83a0 | a0 83 2a a7 f8 7f 00 00
stack at sp + 6 slots: 0x000001e9eecf95e0 points into unknown readable memory: 0x00007ff8a72a83e8 | e8 83 2a a7 f8 7f 00 00
stack at sp + 7 slots: 0x000001e9a813d7c0 is pointing into metadata


---------------  P R O C E S S  ---------------

Threads class SMR info:
_java_thread_list=0x000001e9eecfb5c0, length=22, elements={
0x000001e9930a0f60, 0x000001e9a7993190, 0x000001e9a7993a60, 0x000001e9a7995b30,
0x000001e9a79964d0, 0x000001e9a7999210, 0x000001e9a799da40, 0x000001e9a799f1f0,
0x000001e9a7b3d180, 0x000001e9a7c00ef0, 0x000001e9a7c015a0, 0x000001e9a7c4e3c0,
0x000001e9ed587290, 0x000001e9ed59bdc0, 0x000001e9ed5bc6f0, 0x000001e9ed5c55a0,
0x000001e9ed60aee0, 0x000001e9ed60b890, 0x000001e9ed631f20, 0x000001e9eec34ab0,
0x000001e9eec34420, 0x000001e9eec364f0
}

Java Threads: ( => current thread )
  0x000001e9930a0f60 JavaThread "main"                              [_thread_blocked, id=6188, stack(0x00000042a6d00000,0x00000042a6e00000) (1024K)]
  0x000001e9a7993190 JavaThread "Reference Handler"          daemon [_thread_blocked, id=2452, stack(0x00000042a7500000,0x00000042a7600000) (1024K)]
  0x000001e9a7993a60 JavaThread "Finalizer"                  daemon [_thread_blocked, id=6712, stack(0x00000042a7600000,0x00000042a7700000) (1024K)]
  0x000001e9a7995b30 JavaThread "Signal Dispatcher"          daemon [_thread_blocked, id=12392, stack(0x00000042a7700000,0x00000042a7800000) (1024K)]
  0x000001e9a79964d0 JavaThread "Attach Listener"            daemon [_thread_blocked, id=10576, stack(0x00000042a7800000,0x00000042a7900000) (1024K)]
  0x000001e9a7999210 JavaThread "Service Thread"             daemon [_thread_blocked, id=13304, stack(0x00000042a7900000,0x00000042a7a00000) (1024K)]
  0x000001e9a799da40 JavaThread "Monitor Deflation Thread"   daemon [_thread_blocked, id=6948, stack(0x00000042a7a00000,0x00000042a7b00000) (1024K)]
  0x000001e9a799f1f0 JavaThread "C1 CompilerThread0"         daemon [_thread_blocked, id=6636, stack(0x00000042a7b00000,0x00000042a7c00000) (1024K)]
  0x000001e9a7b3d180 JavaThread "Common-Cleaner"             daemon [_thread_blocked, id=16332, stack(0x00000042a7c00000,0x00000042a7d00000) (1024K)]
  0x000001e9a7c00ef0 JavaThread "C1 CompilerThread1"         daemon [_thread_blocked, id=16960, stack(0x00000042a7d00000,0x00000042a7e00000) (1024K)]
  0x000001e9a7c015a0 JavaThread "C1 CompilerThread2"         daemon [_thread_blocked, id=15708, stack(0x00000042a7e00000,0x00000042a7f00000) (1024K)]
  0x000001e9a7c4e3c0 JavaThread "Notification Thread"        daemon [_thread_blocked, id=15764, stack(0x00000042a7f00000,0x00000042a8000000) (1024K)]
  0x000001e9ed587290 JavaThread "RMI TCP Accept-0"           daemon [_thread_in_native, id=10312, stack(0x00000042a8400000,0x00000042a8500000) (1024K)]
  0x000001e9ed59bdc0 JavaThread "RMI TCP Accept-56672"       daemon [_thread_in_native, id=9796, stack(0x00000042a8500000,0x00000042a8600000) (1024K)]
  0x000001e9ed5bc6f0 JavaThread "RMI TCP Connection(1)-127.0.0.1" daemon [_thread_in_native, id=16664, stack(0x00000042a8600000,0x00000042a8700000) (1024K)]
  0x000001e9ed5c55a0 JavaThread "RMI TCP Accept-0"           daemon [_thread_in_native, id=15140, stack(0x00000042a8700000,0x00000042a8800000) (1024K)]
  0x000001e9ed60aee0 JavaThread "RMI Scheduler(0)"           daemon [_thread_blocked, id=9704, stack(0x00000042a8800000,0x00000042a8900000) (1024K)]
  0x000001e9ed60b890 JavaThread "RMI TCP Connection(2)-127.0.0.1" daemon [_thread_in_native, id=14764, stack(0x00000042a8900000,0x00000042a8a00000) (1024K)]
  0x000001e9ed631f20 JavaThread "JMX server connection timeout 30" daemon [_thread_blocked, id=15276, stack(0x00000042a8a00000,0x00000042a8b00000) (1024K)]
  0x000001e9eec34ab0 JavaThread "Catalina-utility-1"                [_thread_blocked, id=1888, stack(0x00000042a8b00000,0x00000042a8c00000) (1024K)]
  0x000001e9eec34420 JavaThread "Catalina-utility-2"                [_thread_blocked, id=14232, stack(0x00000042a8c00000,0x00000042a8d00000) (1024K)]
  0x000001e9eec364f0 JavaThread "container-0"                       [_thread_blocked, id=12624, stack(0x00000042a8d00000,0x00000042a8e00000) (1024K)]
Total: 22

Other Threads:
  0x000001e9a7970d20 VMThread "VM Thread"                           [id=3920, stack(0x00000042a7400000,0x00000042a7500000) (1024K)]
  0x000001e9a795b320 WatcherThread "VM Periodic Task Thread"        [id=2616, stack(0x00000042a7300000,0x00000042a7400000) (1024K)]
  0x000001e9951f5130 WorkerThread "GC Thread#0"                     [id=12632, stack(0x00000042a6e00000,0x00000042a6f00000) (1024K)]
=>0x000001e9a7edead0 WorkerThread "GC Thread#1"                     [id=14660, stack(0x00000042a8100000,0x00000042a8200000) (1024K)]
  0x000001e9ed2ef040 WorkerThread "GC Thread#2"                     [id=13192, stack(0x00000042a8200000,0x00000042a8300000) (1024K)]
  0x000001e9ed2ef3e0 WorkerThread "GC Thread#3"                     [id=5248, stack(0x00000042a8300000,0x00000042a8400000) (1024K)]
  0x000001e995206970 ConcurrentGCThread "G1 Main Marker"            [id=2852, stack(0x00000042a6f00000,0x00000042a7000000) (1024K)]
  0x000001e995207470 WorkerThread "G1 Conc#0"                       [id=10748, stack(0x00000042a7000000,0x00000042a7100000) (1024K)]
  0x000001e99523e020 ConcurrentGCThread "G1 Refine#0"               [id=12376, stack(0x00000042a7100000,0x00000042a7200000) (1024K)]
  0x000001e9a781f8a0 ConcurrentGCThread "G1 Service"                [id=7108, stack(0x00000042a7200000,0x00000042a7300000) (1024K)]
Total: 10

Threads with active compile tasks:
Total: 0

VM state: at safepoint (normal execution)

VM Mutex/Monitor currently owned by a thread:  ([mutex/lock_event])
[0x00007ff8a750cd68] Threads_lock - owner thread: 0x000001e9a7970d20
[0x00007ff8a750ce68] Heap_lock - owner thread: 0x000001e9930a0f60

Heap address: 0x0000000700e00000, size: 4082 MB, Compressed Oops mode: Zero based, Oop shift amount: 3

CDS archive(s) mapped at: [0x000001e9a8000000-0x000001e9a8c90000-0x000001e9a8c90000), size 13172736, SharedBaseAddress: 0x000001e9a8000000, ArchiveRelocationMode: 1.
Compressed class space mapped at: 0x000001e9a9000000-0x000001e9e9000000, reserved size: 1073741824
Narrow klass base: 0x000001e9a8000000, Narrow klass shift: 0, Narrow klass range: 0x100000000

GC Precious Log:
 CardTable entry size: 512
 Card Set container configuration: InlinePtr #cards 4 size 8 Array Of Cards #cards 16 size 48 Howl #buckets 8 coarsen threshold 3686 Howl Bitmap #cards 512 size 80 coarsen threshold 460 Card regions per heap region 1 cards per card region 4096
 CPUs: 4 total, 4 available
 Memory: 16326M
 Large Page Support: Disabled
 NUMA Support: Disabled
 Compressed Oops: Enabled (Zero based)
 Heap Region Size: 2M
 Heap Min Capacity: 8M
 Heap Initial Capacity: 256M
 Heap Max Capacity: 4082M
 Pre-touch: Disabled
 Parallel Workers: 4
 Concurrent Workers: 1
 Concurrent Refinement Workers: 4
 Periodic GC: Disabled

Heap:
 garbage-first heap   total 92160K, used 39401K [0x0000000700e00000, 0x0000000800000000)
  region size 2048K, 8 young (16384K), 1 survivors (2048K)
 Metaspace       used 35325K, committed 35968K, reserved 1114112K
  class space    used 4795K, committed 5120K, reserved 1048576K

Heap Regions: E=young(eden), S=young(survivor), O=old, HS=humongous(starts), HC=humongous(continues), CS=collection set, F=free, TAMS=top-at-mark-start, PB=parsable bottom
|   0|0x0000000700e00000, 0x0000000701000000, 0x0000000701000000|100%| O|  |TAMS 0x0000000701000000| PB 0x0000000700e00000| Untracked 
|   1|0x0000000701000000, 0x0000000701200000, 0x0000000701200000|100%| O|  |TAMS 0x0000000701200000| PB 0x0000000701000000| Untracked 
|   2|0x0000000701200000, 0x0000000701400000, 0x0000000701400000|100%| O|  |TAMS 0x0000000701400000| PB 0x0000000701200000| Untracked 
|   3|0x0000000701400000, 0x0000000701600000, 0x0000000701600000|100%| O|  |TAMS 0x0000000701600000| PB 0x0000000701400000| Untracked 
|   4|0x0000000701600000, 0x0000000701800000, 0x0000000701800000|100%| O|  |TAMS 0x0000000701800000| PB 0x0000000701600000| Untracked 
|   5|0x0000000701800000, 0x0000000701a00000, 0x0000000701a00000|100%| O|  |TAMS 0x0000000701800000| PB 0x0000000701800000| Untracked 
|   6|0x0000000701a00000, 0x0000000701c00000, 0x0000000701c00000|100%| O|  |TAMS 0x0000000701c00000| PB 0x0000000701a00000| Untracked 
|   7|0x0000000701c00000, 0x0000000701e00000, 0x0000000701e00000|100%| O|  |TAMS 0x0000000701e00000| PB 0x0000000701c00000| Untracked 
|   8|0x0000000701e00000, 0x0000000702000000, 0x0000000702000000|100%| O|  |TAMS 0x0000000702000000| PB 0x0000000701e00000| Untracked 
|   9|0x0000000702000000, 0x0000000702200000, 0x0000000702200000|100%| O|  |TAMS 0x00000007021ec220| PB 0x0000000702000000| Untracked 
|  10|0x0000000702200000, 0x0000000702400000, 0x0000000702400000|100%| O|  |TAMS 0x0000000702200000| PB 0x0000000702200000| Untracked 
|  11|0x0000000702400000, 0x0000000702400000, 0x0000000702600000|  0%| F|  |TAMS 0x0000000702400000| PB 0x0000000702400000| Untracked 
|  12|0x0000000702600000, 0x0000000702600000, 0x0000000702800000|  0%| F|  |TAMS 0x0000000702600000| PB 0x0000000702600000| Untracked 
|  13|0x0000000702800000, 0x0000000702800000, 0x0000000702a00000|  0%| F|  |TAMS 0x0000000702800000| PB 0x0000000702800000| Untracked 
|  14|0x0000000702a00000, 0x0000000702a00000, 0x0000000702c00000|  0%| F|  |TAMS 0x0000000702a00000| PB 0x0000000702a00000| Untracked 
|  15|0x0000000702c00000, 0x0000000702c00000, 0x0000000702e00000|  0%| F|  |TAMS 0x0000000702c00000| PB 0x0000000702c00000| Untracked 
|  16|0x0000000702e00000, 0x0000000702e00000, 0x0000000703000000|  0%| F|  |TAMS 0x0000000702e00000| PB 0x0000000702e00000| Untracked 
|  17|0x0000000703000000, 0x00000007031bf6f0, 0x0000000703200000| 87%| E|CS|TAMS 0x00000007031bf6f0| PB 0x0000000703000000| Complete 
|  18|0x0000000703200000, 0x0000000703400000, 0x0000000703400000|100%| E|CS|TAMS 0x0000000703400000| PB 0x0000000703200000| Complete 
|  19|0x0000000703400000, 0x0000000703600000, 0x0000000703600000|100%| E|CS|TAMS 0x0000000703600000| PB 0x0000000703400000| Complete 
|  20|0x0000000703600000, 0x0000000703800000, 0x0000000703800000|100%| E|CS|TAMS 0x0000000703800000| PB 0x0000000703600000| Complete 
|  21|0x0000000703800000, 0x0000000703800000, 0x0000000703a00000|  0%| F|  |TAMS 0x0000000703800000| PB 0x0000000703800000| Untracked 
|  22|0x0000000703a00000, 0x0000000703a00000, 0x0000000703c00000|  0%| F|  |TAMS 0x0000000703a00000| PB 0x0000000703a00000| Untracked 
|  23|0x0000000703c00000, 0x0000000703c00000, 0x0000000703e00000|  0%| F|  |TAMS 0x0000000703c00000| PB 0x0000000703c00000| Untracked 
|  24|0x0000000703e00000, 0x0000000703e00000, 0x0000000704000000|  0%| F|  |TAMS 0x0000000703e00000| PB 0x0000000703e00000| Untracked 
|  25|0x0000000704000000, 0x0000000704000000, 0x0000000704200000|  0%| F|  |TAMS 0x0000000704000000| PB 0x0000000704000000| Untracked 
|  26|0x0000000704200000, 0x0000000704200000, 0x0000000704400000|  0%| F|  |TAMS 0x0000000704200000| PB 0x0000000704200000| Untracked 
|  27|0x0000000704400000, 0x0000000704400000, 0x0000000704600000|  0%| F|  |TAMS 0x0000000704400000| PB 0x0000000704400000| Untracked 
|  28|0x0000000704600000, 0x0000000704600000, 0x0000000704800000|  0%| F|  |TAMS 0x0000000704600000| PB 0x0000000704600000| Untracked 
|  29|0x0000000704800000, 0x0000000704800000, 0x0000000704a00000|  0%| F|  |TAMS 0x0000000704800000| PB 0x0000000704800000| Untracked 
|  30|0x0000000704a00000, 0x0000000704a00000, 0x0000000704c00000|  0%| F|  |TAMS 0x0000000704a00000| PB 0x0000000704a00000| Untracked 
|  31|0x0000000704c00000, 0x0000000704c00000, 0x0000000704e00000|  0%| F|  |TAMS 0x0000000704c00000| PB 0x0000000704c00000| Untracked 
|  32|0x0000000704e00000, 0x0000000704e00000, 0x0000000705000000|  0%| F|  |TAMS 0x0000000704e00000| PB 0x0000000704e00000| Untracked 
|  33|0x0000000705000000, 0x0000000705000000, 0x0000000705200000|  0%| F|  |TAMS 0x0000000705000000| PB 0x0000000705000000| Untracked 
|  34|0x0000000705200000, 0x0000000705200000, 0x0000000705400000|  0%| F|  |TAMS 0x0000000705200000| PB 0x0000000705200000| Untracked 
|  35|0x0000000705400000, 0x0000000705400000, 0x0000000705600000|  0%| F|  |TAMS 0x0000000705400000| PB 0x0000000705400000| Untracked 
|  36|0x0000000705600000, 0x0000000705600000, 0x0000000705800000|  0%| F|  |TAMS 0x0000000705600000| PB 0x0000000705600000| Untracked 
|  37|0x0000000705800000, 0x00000007059af8b0, 0x0000000705a00000| 84%| S|  |TAMS 0x0000000705800000| PB 0x0000000705800000| Complete 
|  38|0x0000000705a00000, 0x0000000705aced60, 0x0000000705c00000| 40%| E|CS|TAMS 0x0000000705a00000| PB 0x0000000705a00000| Complete 
|  39|0x0000000705c00000, 0x0000000705e00000, 0x0000000705e00000|100%| E|CS|TAMS 0x0000000705c00000| PB 0x0000000705c00000| Complete 
| 101|0x000000070d800000, 0x000000070da00000, 0x000000070da00000|100%| E|CS|TAMS 0x000000070d800000| PB 0x000000070d800000| Complete 
| 102|0x000000070da00000, 0x000000070dc00000, 0x000000070dc00000|100%| E|CS|TAMS 0x000000070da00000| PB 0x000000070da00000| Complete 
| 103|0x000000070dc00000, 0x000000070de00000, 0x000000070de00000|100%| E|CS|TAMS 0x000000070dc00000| PB 0x000000070dc00000| Complete 
| 104|0x000000070de00000, 0x000000070e000000, 0x000000070e000000|100%| E|CS|TAMS 0x000000070de00000| PB 0x000000070de00000| Complete 
| 127|0x0000000710c00000, 0x0000000710e00000, 0x0000000710e00000|100%| E|CS|TAMS 0x0000000710c00000| PB 0x0000000710c00000| Complete 

Card table byte_map: [0x000001e9a0de0000,0x000001e9a15e0000] _byte_map_base: 0x000001e99d5d9000

Marking Bits: (CMBitMap*) 0x000001e9951f5830
 Bits: [0x000001e9a15e0000, 0x000001e9a55a8000)

Polling page: 0x000001e993040000

Metaspace:

Usage:
  Non-class:     29.81 MB used.
      Class:      4.68 MB used.
       Both:     34.50 MB used.

Virtual space:
  Non-class space:       64.00 MB reserved,      30.12 MB ( 47%) committed,  1 nodes.
      Class space:        1.00 GB reserved,       5.00 MB ( <1%) committed,  1 nodes.
             Both:        1.06 GB reserved,      35.12 MB (  3%) committed. 

Chunk freelists:
   Non-Class:  1.06 MB
       Class:  10.98 MB
        Both:  12.05 MB

MaxMetaspaceSize: unlimited
CompressedClassSpaceSize: 1.00 GB
Initial GC threshold: 21.00 MB
Current GC threshold: 35.12 MB
CDS: on
 - commit_granule_bytes: 65536.
 - commit_granule_words: 8192.
 - virtual_space_node_default_size: 8388608.
 - enlarge_chunks_in_place: 1.
 - use_allocation_guard: 0.


Internal statistics:

num_allocs_failed_limit: 6.
num_arena_births: 782.
num_arena_deaths: 4.
num_vsnodes_births: 2.
num_vsnodes_deaths: 0.
num_space_committed: 562.
num_space_uncommitted: 0.
num_chunks_returned_to_freelist: 10.
num_chunks_taken_from_freelist: 2023.
num_chunk_merges: 6.
num_chunk_splits: 1398.
num_chunks_enlarged: 1008.
num_inconsistent_stats: 0.

CodeCache: size=49152Kb used=9504Kb max_used=9504Kb free=39647Kb
 bounds [0x000001e99d5e0000, 0x000001e99df30000, 0x000001e9a05e0000]
 total_blobs=5023 nmethods=4466 adapters=479
 compilation: enabled
              stopped_count=0, restarted_count=0
 full_count=0

Compilation events (20 events):
Event: 4.204 Thread 0x000001e9a7c015a0 4454       1       org.springframework.core.annotation.AnnotatedElementUtils::hasAnnotation (38 bytes)
Event: 4.204 Thread 0x000001e9a7c015a0 nmethod 4454 0x000001e99df22f90 code [0x000001e99df23180, 0x000001e99df233d0]
Event: 4.205 Thread 0x000001e9a7c015a0 4458       1       java.lang.invoke.LambdaForm$Name::<init> (9 bytes)
Event: 4.205 Thread 0x000001e9a7c00ef0 4459       1       java.lang.invoke.LambdaForm$Name::<init> (52 bytes)
Event: 4.205 Thread 0x000001e9a799f1f0 4460       1       java.lang.invoke.LambdaForm$NamedFunction::<init> (95 bytes)
Event: 4.205 Thread 0x000001e9a7c015a0 nmethod 4458 0x000001e99df23b90 code [0x000001e99df23d40, 0x000001e99df23e30]
Event: 4.206 Thread 0x000001e9a7c00ef0 nmethod 4459 0x000001e99df23e90 code [0x000001e99df24080, 0x000001e99df24328]
Event: 4.206 Thread 0x000001e9a799f1f0 nmethod 4460 0x000001e99df24510 code [0x000001e99df24700, 0x000001e99df24be8]
Event: 4.209 Thread 0x000001e9a799f1f0 4461       1       java.lang.invoke.Invokers$Holder::linkToTargetMethod (13 bytes)
Event: 4.209 Thread 0x000001e9a7c015a0 4462       1       org.springframework.core.annotation.AnnotationUtils::isCandidateClass (41 bytes)
Event: 4.209 Thread 0x000001e9a799f1f0 nmethod 4461 0x000001e99df24d90 code [0x000001e99df24f40, 0x000001e99df25078]
Event: 4.209 Thread 0x000001e9a7c015a0 nmethod 4462 0x000001e99df25110 code [0x000001e99df25320, 0x000001e99df25670]
Event: 4.211 Thread 0x000001e9a7c015a0 4463       1       java.lang.invoke.LambdaForm$DMH/0x000001e9a911c000::newInvokeSpecial (30 bytes)
Event: 4.211 Thread 0x000001e9a7c015a0 nmethod 4463 0x000001e99df25910 code [0x000001e99df25ae0, 0x000001e99df25cb8]
Event: 4.211 Thread 0x000001e9a7c015a0 4464       1       org.springframework.core.annotation.AnnotationsScanner::isOverride (49 bytes)
Event: 4.211 Thread 0x000001e9a7c00ef0 4465       1       org.springframework.aop.support.AopUtils::canApply (210 bytes)
Event: 4.212 Thread 0x000001e9a7c015a0 nmethod 4464 0x000001e99df25e10 code [0x000001e99df26000, 0x000001e99df262c0]
Event: 4.213 Thread 0x000001e9a7c015a0 4466       1       org.springframework.beans.factory.support.AbstractBeanFactory::isPrototypeCurrentlyInCreation (48 bytes)
Event: 4.213 Thread 0x000001e9a7c00ef0 nmethod 4465 0x000001e99df26510 code [0x000001e99df268a0, 0x000001e99df27570]
Event: 4.213 Thread 0x000001e9a7c015a0 nmethod 4466 0x000001e99df27d10 code [0x000001e99df27ee0, 0x000001e99df28140]

GC Heap History (15 events):
Event: 0.441 GC heap before
{Heap before GC invocations=0 (full 0):
 garbage-first heap   total 262144K, used 10240K [0x0000000700e00000, 0x0000000800000000)
  region size 2048K, 6 young (12288K), 0 survivors (0K)
 Metaspace       used 239K, committed 448K, reserved 1114112K
  class space    used 14K, committed 128K, reserved 1048576K
}
Event: 0.446 GC heap after
{Heap after GC invocations=1 (full 0):
 garbage-first heap   total 262144K, used 8375K [0x0000000700e00000, 0x0000000800000000)
  region size 2048K, 1 young (2048K), 1 survivors (2048K)
 Metaspace       used 239K, committed 448K, reserved 1114112K
  class space    used 14K, committed 128K, reserved 1048576K
}
Event: 0.782 GC heap before
{Heap before GC invocations=1 (full 0):
 garbage-first heap   total 262144K, used 18615K [0x0000000700e00000, 0x0000000800000000)
  region size 2048K, 6 young (12288K), 1 survivors (2048K)
 Metaspace       used 5288K, committed 5504K, reserved 1114112K
  class space    used 627K, committed 704K, reserved 1048576K
}
Event: 0.786 GC heap after
{Heap after GC invocations=2 (full 0):
 garbage-first heap   total 262144K, used 12060K [0x0000000700e00000, 0x0000000800000000)
  region size 2048K, 1 young (2048K), 1 survivors (2048K)
 Metaspace       used 5288K, committed 5504K, reserved 1114112K
  class space    used 627K, committed 704K, reserved 1048576K
}
Event: 1.152 GC heap before
{Heap before GC invocations=2 (full 0):
 garbage-first heap   total 262144K, used 24348K [0x0000000700e00000, 0x0000000800000000)
  region size 2048K, 7 young (14336K), 1 survivors (2048K)
 Metaspace       used 8916K, committed 9152K, reserved 1114112K
  class space    used 1130K, committed 1216K, reserved 1048576K
}
Event: 1.156 GC heap after
{Heap after GC invocations=3 (full 0):
 garbage-first heap   total 262144K, used 12882K [0x0000000700e00000, 0x0000000800000000)
  region size 2048K, 1 young (2048K), 1 survivors (2048K)
 Metaspace       used 8916K, committed 9152K, reserved 1114112K
  class space    used 1130K, committed 1216K, reserved 1048576K
}
Event: 1.899 GC heap before
{Heap before GC invocations=3 (full 0):
 garbage-first heap   total 262144K, used 45650K [0x0000000700e00000, 0x0000000800000000)
  region size 2048K, 18 young (36864K), 1 survivors (2048K)
 Metaspace       used 16601K, committed 17024K, reserved 1114112K
  class space    used 2396K, committed 2624K, reserved 1048576K
}
Event: 1.903 GC heap after
{Heap after GC invocations=4 (full 0):
 garbage-first heap   total 262144K, used 15539K [0x0000000700e00000, 0x0000000800000000)
  region size 2048K, 2 young (4096K), 2 survivors (4096K)
 Metaspace       used 16601K, committed 17024K, reserved 1114112K
  class space    used 2396K, committed 2624K, reserved 1048576K
}
Event: 2.242 GC heap before
{Heap before GC invocations=4 (full 0):
 garbage-first heap   total 262144K, used 54451K [0x0000000700e00000, 0x0000000800000000)
  region size 2048K, 23 young (47104K), 2 survivors (4096K)
 Metaspace       used 21068K, committed 21504K, reserved 1114112K
  class space    used 2907K, committed 3136K, reserved 1048576K
}
Event: 2.249 GC heap after
{Heap after GC invocations=5 (full 0):
 garbage-first heap   total 262144K, used 18869K [0x0000000700e00000, 0x0000000800000000)
  region size 2048K, 4 young (8192K), 4 survivors (8192K)
 Metaspace       used 21068K, committed 21504K, reserved 1114112K
  class space    used 2907K, committed 3136K, reserved 1048576K
}
Event: 2.854 GC heap before
{Heap before GC invocations=6 (full 0):
 garbage-first heap   total 75776K, used 55733K [0x0000000700e00000, 0x0000000800000000)
  region size 2048K, 22 young (45056K), 4 survivors (8192K)
 Metaspace       used 26147K, committed 26624K, reserved 1114112K
  class space    used 3459K, committed 3648K, reserved 1048576K
}
Event: 2.866 GC heap after
{Heap after GC invocations=7 (full 0):
 garbage-first heap   total 92160K, used 21683K [0x0000000700e00000, 0x0000000800000000)
  region size 2048K, 3 young (6144K), 3 survivors (6144K)
 Metaspace       used 26147K, committed 26624K, reserved 1114112K
  class space    used 3459K, committed 3648K, reserved 1048576K
}
Event: 3.952 GC heap before
{Heap before GC invocations=7 (full 0):
 garbage-first heap   total 92160K, used 70835K [0x0000000700e00000, 0x0000000800000000)
  region size 2048K, 27 young (55296K), 3 survivors (6144K)
 Metaspace       used 33697K, committed 34240K, reserved 1114112K
  class space    used 4562K, committed 4800K, reserved 1048576K
}
Event: 3.968 GC heap after
{Heap after GC invocations=8 (full 0):
 garbage-first heap   total 92160K, used 26286K [0x0000000700e00000, 0x0000000800000000)
  region size 2048K, 4 young (8192K), 4 survivors (8192K)
 Metaspace       used 33697K, committed 34240K, reserved 1114112K
  class space    used 4562K, committed 4800K, reserved 1048576K
}
Event: 4.222 GC heap before
{Heap before GC invocations=8 (full 0):
 garbage-first heap   total 92160K, used 38574K [0x0000000700e00000, 0x0000000800000000)
  region size 2048K, 11 young (22528K), 4 survivors (8192K)
 Metaspace       used 35325K, committed 35968K, reserved 1114112K
  class space    used 4795K, committed 5120K, reserved 1048576K
}

Dll operation events (9 events):
Event: 0.013 Loaded shared library C:\Program Files\Java\jdk-21\bin\java.dll
Event: 0.292 Loaded shared library C:\Program Files\Java\jdk-21\bin\jimage.dll
Event: 0.299 Loaded shared library C:\Program Files\Java\jdk-21\bin\net.dll
Event: 0.301 Loaded shared library C:\Program Files\Java\jdk-21\bin\nio.dll
Event: 0.304 Loaded shared library C:\Program Files\Java\jdk-21\bin\zip.dll
Event: 0.458 Loaded shared library C:\Program Files\Java\jdk-21\bin\management.dll
Event: 0.473 Loaded shared library C:\Program Files\Java\jdk-21\bin\management_ext.dll
Event: 0.732 Loaded shared library C:\Program Files\Java\jdk-21\bin\extnet.dll
Event: 2.371 Loaded shared library C:\Program Files\Java\jdk-21\bin\sunmscapi.dll

Deoptimization events (0 events):
No events

Classes loaded (20 events):
Event: 4.084 Loading class java/util/UUID$Holder
Event: 4.085 Loading class java/util/UUID$Holder done
Event: 4.107 Loading class java/util/stream/SortedOps$SizedRefSortingSink
Event: 4.107 Loading class java/util/stream/SortedOps$SizedRefSortingSink done
Event: 4.117 Loading class java/io/EOFException
Event: 4.117 Loading class java/io/EOFException done
Event: 4.117 Loading class javax/net/ssl/SSLException
Event: 4.117 Loading class javax/net/ssl/SSLException done
Event: 4.127 Loading class java/nio/channels/CompletionHandler
Event: 4.127 Loading class java/nio/channels/CompletionHandler done
Event: 4.145 Loading class jdk/internal/event/ThreadSleepEvent
Event: 4.146 Loading class jdk/internal/event/ThreadSleepEvent done
Event: 4.157 Loading class java/util/concurrent/CompletableFuture
Event: 4.157 Loading class java/util/concurrent/CompletionStage
Event: 4.158 Loading class java/util/concurrent/CompletionStage done
Event: 4.158 Loading class java/util/concurrent/CompletableFuture done
Event: 4.178 Loading class java/lang/ExceptionInInitializerError
Event: 4.178 Loading class java/lang/ExceptionInInitializerError done
Event: 4.193 Loading class sun/invoke/util/VerifyAccess$1
Event: 4.194 Loading class sun/invoke/util/VerifyAccess$1 done

Classes unloaded (2 events):
Event: 2.260 Thread 0x000001e9a7970d20 Unloading class 0x000001e9a90c5400 'java/lang/invoke/LambdaForm$MH+0x000001e9a90c5400'
Event: 2.260 Thread 0x000001e9a7970d20 Unloading class 0x000001e9a90c4c00 'java/lang/invoke/LambdaForm$MH+0x000001e9a90c4c00'

Classes redefined (0 events):
No events

Internal exceptions (20 events):
Event: 3.623 Thread 0x000001e9930a0f60 Exception <a 'java/lang/NoSuchMethodError'{0x0000000704739e40}: 'java.lang.Object java.lang.invoke.DirectMethodHandle$Holder.invokeStatic(java.lang.Object, java.lang.Object, java.lang.Object, java.lang.Object, int)'> (0x0000000704739e40) 
thrown [s\open\src\hotspot\share\interpreter\linkResolver.cpp, line 773]
Event: 3.623 Thread 0x000001e9930a0f60 Exception <a 'java/lang/NoSuchMethodError'{0x0000000704741228}: 'void java.lang.invoke.DelegatingMethodHandle$Holder.reinvoke_L(java.lang.Object, java.lang.Object, int)'> (0x0000000704741228) 
thrown [s\open\src\hotspot\share\interpreter\linkResolver.cpp, line 773]
Event: 3.680 Thread 0x000001e9930a0f60 Exception <a 'java/lang/NoSuchMethodError'{0x00000007045a0f00}: 'java.lang.Object java.lang.invoke.DirectMethodHandle$Holder.invokeSpecialIFC(java.lang.Object, java.lang.Object, java.lang.Object)'> (0x00000007045a0f00) 
thrown [s\open\src\hotspot\share\interpreter\linkResolver.cpp, line 773]
Event: 3.688 Thread 0x000001e9930a0f60 Exception <a 'java/lang/NoSuchMethodError'{0x00000007045ef2a0}: 'java.lang.Object java.lang.invoke.DirectMethodHandle$Holder.invokeVirtual(java.lang.Object, java.lang.Object, java.lang.Object, java.lang.Object, java.lang.Object)'> (0x00000007045ef2a0) 
thrown [s\open\src\hotspot\share\interpreter\linkResolver.cpp, line 773]
Event: 3.753 Thread 0x000001e9930a0f60 Exception <a 'java/lang/NoSuchMethodError'{0x00000007040f1b28}: 'java.lang.Object java.lang.invoke.DirectMethodHandle$Holder.invokeVirtual(java.lang.Object, java.lang.Object, java.lang.Object, java.lang.Object, java.lang.Object, java.lang.Object)'> (0x00000007040f1b28) 
thrown [s\open\src\hotspot\share\interpreter\linkResolver.cpp, line 773]
Event: 3.781 Thread 0x000001e9930a0f60 Exception <a 'java/lang/NoSuchMethodError'{0x0000000703e1e840}: 'void java.lang.invoke.DirectMethodHandle$Holder.invokeStatic(java.lang.Object, int, java.lang.Object)'> (0x0000000703e1e840) 
thrown [s\open\src\hotspot\share\interpreter\linkResolver.cpp, line 773]
Event: 3.784 Thread 0x000001e9930a0f60 Exception <a 'java/lang/NoSuchMethodError'{0x0000000703e43fa8}: 'void java.lang.invoke.DirectMethodHandle$Holder.invokeInterface(java.lang.Object, java.lang.Object, int)'> (0x0000000703e43fa8) 
thrown [s\open\src\hotspot\share\interpreter\linkResolver.cpp, line 773]
Event: 3.788 Thread 0x000001e9930a0f60 Exception <a 'java/lang/IncompatibleClassChangeError'{0x0000000703e86d10}: Found class java.lang.Object, but interface was expected> (0x0000000703e86d10) 
thrown [s\open\src\hotspot\share\interpreter\linkResolver.cpp, line 840]
Event: 3.797 Thread 0x000001e9930a0f60 Exception <a 'java/lang/NoSuchMethodError'{0x0000000703ed0190}: 'void java.lang.invoke.DirectMethodHandle$Holder.invokeStatic(java.lang.Object, java.lang.Object, java.lang.Object, int, java.lang.Object)'> (0x0000000703ed0190) 
thrown [s\open\src\hotspot\share\interpreter\linkResolver.cpp, line 773]
Event: 3.797 Thread 0x000001e9930a0f60 Exception <a 'java/lang/NoSuchMethodError'{0x0000000703ed69d0}: 'java.lang.Object java.lang.invoke.DirectMethodHandle$Holder.newInvokeSpecial(java.lang.Object, java.lang.Object, java.lang.Object, int)'> (0x0000000703ed69d0) 
thrown [s\open\src\hotspot\share\interpreter\linkResolver.cpp, line 773]
Event: 3.797 Thread 0x000001e9930a0f60 Exception <a 'java/lang/NoSuchMethodError'{0x0000000703eda7c0}: 'java.lang.Object java.lang.invoke.DirectMethodHandle$Holder.invokeSpecial(java.lang.Object, java.lang.Object, java.lang.Object, java.lang.Object, int)'> (0x0000000703eda7c0) 
thrown [s\open\src\hotspot\share\interpreter\linkResolver.cpp, line 773]
Event: 3.797 Thread 0x000001e9930a0f60 Exception <a 'java/lang/NoSuchMethodError'{0x0000000703eddc48}: 'java.lang.Object java.lang.invoke.Invokers$Holder.linkToTargetMethod(java.lang.Object, java.lang.Object, int, java.lang.Object)'> (0x0000000703eddc48) 
thrown [s\open\src\hotspot\share\interpreter\linkResolver.cpp, line 773]
Event: 3.978 Thread 0x000001e9930a0f60 Exception <a 'java/lang/NoSuchMethodError'{0x0000000710c66da0}: 'int java.lang.invoke.DirectMethodHandle$Holder.invokeVirtual(java.lang.Object, java.lang.Object, java.lang.Object, java.lang.Object)'> (0x0000000710c66da0) 
thrown [s\open\src\hotspot\share\interpreter\linkResolver.cpp, line 773]
Event: 3.979 Thread 0x000001e9930a0f60 Exception <a 'java/lang/NoSuchMethodError'{0x0000000710c6a620}: 'int java.lang.invoke.DelegatingMethodHandle$Holder.reinvoke_L(java.lang.Object, java.lang.Object, java.lang.Object, java.lang.Object)'> (0x0000000710c6a620) 
thrown [s\open\src\hotspot\share\interpreter\linkResolver.cpp, line 773]
Event: 4.008 Thread 0x000001e9930a0f60 Exception <a 'java/io/FileNotFoundException'{0x0000000710d85eb0}> (0x0000000710d85eb0) 
thrown [s\open\src\hotspot\share\prims\jni.cpp, line 520]
Event: 4.075 Thread 0x000001e9930a0f60 Exception <a 'java/lang/NoSuchMethodError'{0x000000070dcf5018}: 'int java.lang.invoke.DirectMethodHandle$Holder.invokeInterface(java.lang.Object, java.lang.Object, java.lang.Object, java.lang.Object)'> (0x000000070dcf5018) 
thrown [s\open\src\hotspot\share\interpreter\linkResolver.cpp, line 773]
Event: 4.127 Thread 0x000001e9930a0f60 Exception <a 'java/lang/NoSuchMethodError'{0x000000070db72770}: 'long java.lang.invoke.DirectMethodHandle$Holder.invokeVirtual(java.lang.Object, java.lang.Object)'> (0x000000070db72770) 
thrown [s\open\src\hotspot\share\interpreter\linkResolver.cpp, line 773]
Event: 4.156 Thread 0x000001e9930a0f60 Exception <a 'java/lang/NoSuchMethodError'{0x000000070d8c8758}: 'void java.lang.invoke.DirectMethodHandle$Holder.invokeVirtual(java.lang.Object, java.lang.Object, long)'> (0x000000070d8c8758) 
thrown [s\open\src\hotspot\share\interpreter\linkResolver.cpp, line 773]
Event: 4.204 Thread 0x000001e9930a0f60 Exception <a 'java/lang/NoSuchMethodError'{0x0000000705d5ab48}: 'java.lang.Object java.lang.invoke.DirectMethodHandle$Holder.newInvokeSpecial(java.lang.Object, java.lang.Object, java.lang.Object, java.lang.Object, java.lang.Object, java.lang.Object, java.lang.Object, java.lang.Object, java.lang.Object, java.lang.Object, java.lang.Object, java.lang.Object)'> (0x0000000705d5ab48) 
thrown [s\open\src\hotspot\share\interpreter\linkResolver.cpp, line 773]
Event: 4.205 Thread 0x000001e9930a0f60 Exception <a 'java/lang/NoSuchMethodError'{0x0000000705d5f8a8}: 'java.lang.Object java.lang.invoke.DirectMethodHandle$Holder.invokeSpecial(java.lang.Object, java.lang.Object, java.lang.Object, java.lang.Object, java.lang.Object, java.lang.Object, java.lang.Object, java.lang.Object, java.lang.Object, java.lang.Object, java.lang.Object, java.lang.Object, java.lang.Object)'> (0x0000000705d5f8a8) 
thrown [s\open\src\hotspot\share\interpreter\linkResolver.cpp, line 773]

ZGC Phase Switch (0 events):
No events

VM Operations (20 events):
Event: 3.453 Executing VM operation: HandshakeAllThreads (Deoptimize) done
Event: 3.469 Executing VM operation: HandshakeAllThreads (Deoptimize)
Event: 3.470 Executing VM operation: HandshakeAllThreads (Deoptimize) done
Event: 3.629 Executing VM operation: HandshakeAllThreads (Deoptimize)
Event: 3.629 Executing VM operation: HandshakeAllThreads (Deoptimize) done
Event: 3.949 Executing VM operation: HandshakeAllThreads (Deoptimize)
Event: 3.949 Executing VM operation: HandshakeAllThreads (Deoptimize) done
Event: 3.951 Executing VM operation: HandshakeAllThreads (Deoptimize)
Event: 3.951 Executing VM operation: HandshakeAllThreads (Deoptimize) done
Event: 3.952 Executing VM operation: G1CollectForAllocation (G1 Evacuation Pause)
Event: 3.968 Executing VM operation: G1CollectForAllocation (G1 Evacuation Pause) done
Event: 3.999 Executing VM operation: HandshakeAllThreads (Deoptimize)
Event: 3.999 Executing VM operation: HandshakeAllThreads (Deoptimize) done
Event: 4.048 Executing VM operation: HandshakeAllThreads (Deoptimize)
Event: 4.048 Executing VM operation: HandshakeAllThreads (Deoptimize) done
Event: 4.103 Executing VM operation: HandshakeAllThreads (Deoptimize)
Event: 4.103 Executing VM operation: HandshakeAllThreads (Deoptimize) done
Event: 4.136 Executing VM operation: HandshakeAllThreads (Deoptimize)
Event: 4.136 Executing VM operation: HandshakeAllThreads (Deoptimize) done
Event: 4.222 Executing VM operation: CollectForMetadataAllocation (Metadata GC Threshold)

Events (20 events):
Event: 0.049 Thread 0x000001e9a799da40 Thread added: 0x000001e9a799da40
Event: 0.049 Thread 0x000001e9a799f1f0 Thread added: 0x000001e9a799f1f0
Event: 0.234 Thread 0x000001e9a7b3d180 Thread added: 0x000001e9a7b3d180
Event: 0.253 Thread 0x000001e9a7c00ef0 Thread added: 0x000001e9a7c00ef0
Event: 0.255 Thread 0x000001e9a7c015a0 Thread added: 0x000001e9a7c015a0
Event: 0.287 Thread 0x000001e9a7c4e3c0 Thread added: 0x000001e9a7c4e3c0
Event: 0.734 Thread 0x000001e9ed587290 Thread added: 0x000001e9ed587290
Event: 0.750 Thread 0x000001e9ed59bdc0 Thread added: 0x000001e9ed59bdc0
Event: 0.761 Thread 0x000001e9ed5bc6f0 Thread added: 0x000001e9ed5bc6f0
Event: 0.769 Thread 0x000001e9ed5c55a0 Thread added: 0x000001e9ed5c55a0
Event: 0.780 Thread 0x000001e9ed60aee0 Thread added: 0x000001e9ed60aee0
Event: 0.781 Thread 0x000001e9ed60b890 Thread added: 0x000001e9ed60b890
Event: 0.801 Thread 0x000001e9ed631f20 Thread added: 0x000001e9ed631f20
Event: 1.543 Thread 0x000001e9ede7ddd0 Thread added: 0x000001e9ede7ddd0
Event: 2.304 Thread 0x000001e9ede7d740 Thread added: 0x000001e9ede7d740
Event: 2.339 Thread 0x000001e9ede7d740 Thread exited: 0x000001e9ede7d740
Event: 2.386 Thread 0x000001e9ede7ddd0 Thread exited: 0x000001e9ede7ddd0
Event: 4.140 Thread 0x000001e9eec34ab0 Thread added: 0x000001e9eec34ab0
Event: 4.141 Thread 0x000001e9eec34420 Thread added: 0x000001e9eec34420
Event: 4.145 Thread 0x000001e9eec364f0 Thread added: 0x000001e9eec364f0


Dynamic libraries:
0x00007ff661030000 - 0x00007ff661040000 	C:\Program Files\Java\jdk-21\bin\javaw.exe
0x00007ff93c290000 - 0x00007ff93c4a8000 	C:\Windows\SYSTEM32\ntdll.dll
0x00007ff93a420000 - 0x00007ff93a4e4000 	C:\Windows\System32\KERNEL32.DLL
0x00007ff9397d0000 - 0x00007ff939ba3000 	C:\Windows\System32\KERNELBASE.dll
0x00007ff939de0000 - 0x00007ff939ef1000 	C:\Windows\System32\ucrtbase.dll
0x00007ff9100f0000 - 0x00007ff910109000 	C:\Program Files\Java\jdk-21\bin\jli.dll
0x00007ff93a870000 - 0x00007ff93a921000 	C:\Windows\System32\ADVAPI32.dll
0x00007ff939f50000 - 0x00007ff939ff7000 	C:\Windows\System32\msvcrt.dll
0x00007ff93ae10000 - 0x00007ff93aeb8000 	C:\Windows\System32\sechost.dll
0x00007ff939f00000 - 0x00007ff939f28000 	C:\Windows\System32\bcrypt.dll
0x00007ff93a4f0000 - 0x00007ff93a608000 	C:\Windows\System32\RPCRT4.dll
0x00007ff93bc00000 - 0x00007ff93bdb2000 	C:\Windows\System32\USER32.dll
0x00007ff9394e0000 - 0x00007ff939506000 	C:\Windows\System32\win32u.dll
0x00007ff93aec0000 - 0x00007ff93aee9000 	C:\Windows\System32\GDI32.dll
0x00007ff939610000 - 0x00007ff93972b000 	C:\Windows\System32\gdi32full.dll
0x00007ff939730000 - 0x00007ff9397ca000 	C:\Windows\System32\msvcp_win.dll
0x00007ff907310000 - 0x00007ff90732b000 	C:\Program Files\Java\jdk-21\bin\VCRUNTIME140.dll
0x00007ff924280000 - 0x00007ff92451c000 	C:\Windows\WinSxS\amd64_microsoft.windows.common-controls_6595b64144ccf1df_6.0.22621.6060_none_2712eda17382d24b\COMCTL32.dll
0x00007ff932960000 - 0x00007ff93296a000 	C:\Windows\SYSTEM32\VERSION.dll
0x00007ff93af00000 - 0x00007ff93af31000 	C:\Windows\System32\IMM32.DLL
0x00007ff932020000 - 0x00007ff93202c000 	C:\Program Files\Java\jdk-21\bin\vcruntime140_1.dll
0x00007ff8fe760000 - 0x00007ff8fe7ee000 	C:\Program Files\Java\jdk-21\bin\msvcp140.dll
0x00007ff8a68d0000 - 0x00007ff8a75e7000 	C:\Program Files\Java\jdk-21\bin\server\jvm.dll
0x00007ff93c1d0000 - 0x00007ff93c241000 	C:\Windows\System32\WS2_32.dll
0x00007ff938c40000 - 0x00007ff938c8d000 	C:\Windows\SYSTEM32\POWRPROF.dll
0x00007ff932d90000 - 0x00007ff932dc4000 	C:\Windows\SYSTEM32\WINMM.dll
0x00007ff938c10000 - 0x00007ff938c23000 	C:\Windows\SYSTEM32\UMPDC.dll
0x00007ff938340000 - 0x00007ff938358000 	C:\Windows\SYSTEM32\kernel.appcore.dll
0x00007ff927900000 - 0x00007ff92790a000 	C:\Program Files\Java\jdk-21\bin\jimage.dll
0x00007ff92dde0000 - 0x00007ff92e013000 	C:\Windows\SYSTEM32\DBGHELP.DLL
0x00007ff93be30000 - 0x00007ff93c1c1000 	C:\Windows\System32\combase.dll
0x00007ff93a070000 - 0x00007ff93a148000 	C:\Windows\System32\OLEAUT32.dll
0x00007ff91d5f0000 - 0x00007ff91d622000 	C:\Windows\SYSTEM32\dbgcore.DLL
0x00007ff939590000 - 0x00007ff93960b000 	C:\Windows\System32\bcryptPrimitives.dll
0x00007ff905bd0000 - 0x00007ff905bef000 	C:\Program Files\Java\jdk-21\bin\java.dll
0x00007ff93b1b0000 - 0x00007ff93ba4c000 	C:\Windows\System32\SHELL32.dll
0x00007ff9393a0000 - 0x00007ff9394df000 	C:\Windows\System32\wintypes.dll
0x00007ff937250000 - 0x00007ff937b6a000 	C:\Windows\SYSTEM32\windows.storage.dll
0x00007ff93aff0000 - 0x00007ff93b0f4000 	C:\Windows\System32\SHCORE.dll
0x00007ff93a800000 - 0x00007ff93a869000 	C:\Windows\System32\shlwapi.dll
0x00007ff9392d0000 - 0x00007ff9392f5000 	C:\Windows\SYSTEM32\profapi.dll
0x00007ff927880000 - 0x00007ff927890000 	C:\Program Files\Java\jdk-21\bin\net.dll
0x00007ff933450000 - 0x00007ff93357c000 	C:\Windows\SYSTEM32\WINHTTP.dll
0x00007ff938800000 - 0x00007ff938869000 	C:\Windows\system32\mswsock.dll
0x00007ff9058f0000 - 0x00007ff905906000 	C:\Program Files\Java\jdk-21\bin\nio.dll
0x00007ff9058d0000 - 0x00007ff9058e8000 	C:\Program Files\Java\jdk-21\bin\zip.dll
0x00007ff926580000 - 0x00007ff92658a000 	C:\Program Files\Java\jdk-21\bin\management.dll
0x00007ff926540000 - 0x00007ff92654b000 	C:\Program Files\Java\jdk-21\bin\management_ext.dll
0x00007ff93be20000 - 0x00007ff93be28000 	C:\Windows\System32\PSAPI.DLL
0x00007ff90d250000 - 0x00007ff90d267000 	C:\Windows\system32\napinsp.dll
0x00007ff903c70000 - 0x00007ff903c8b000 	C:\Windows\system32\pnrpnsp.dll
0x00007ff937e40000 - 0x00007ff937f38000 	C:\Windows\SYSTEM32\DNSAPI.dll
0x00007ff937dd0000 - 0x00007ff937dfd000 	C:\Windows\SYSTEM32\IPHLPAPI.DLL
0x00007ff93ae00000 - 0x00007ff93ae09000 	C:\Windows\System32\NSI.dll
0x00007ff903c50000 - 0x00007ff903c61000 	C:\Windows\System32\winrnr.dll
0x00007ff9158b0000 - 0x00007ff9158c5000 	C:\Windows\system32\wshbth.dll
0x00007ff8faa60000 - 0x00007ff8faa81000 	C:\Windows\system32\nlansp_c.dll
0x00007ff930fd0000 - 0x00007ff930fda000 	C:\Windows\System32\rasadhlp.dll
0x00007ff932630000 - 0x00007ff9326b4000 	C:\Windows\System32\fwpuclnt.dll
0x00007ff938bc0000 - 0x00007ff938bdb000 	C:\Windows\SYSTEM32\CRYPTSP.dll
0x00007ff9382a0000 - 0x00007ff9382d7000 	C:\Windows\system32\rsaenh.dll
0x00007ff9388a0000 - 0x00007ff9388c8000 	C:\Windows\SYSTEM32\USERENV.dll
0x00007ff938ba0000 - 0x00007ff938bac000 	C:\Windows\SYSTEM32\CRYPTBASE.dll
0x00007ff924200000 - 0x00007ff924209000 	C:\Program Files\Java\jdk-21\bin\extnet.dll
0x00007ff911310000 - 0x00007ff91131e000 	C:\Program Files\Java\jdk-21\bin\sunmscapi.dll
0x00007ff939bb0000 - 0x00007ff939d18000 	C:\Windows\System32\CRYPT32.dll
0x00007ff938d60000 - 0x00007ff938d8e000 	C:\Windows\SYSTEM32\ncrypt.dll
0x00007ff938d20000 - 0x00007ff938d57000 	C:\Windows\SYSTEM32\NTASN1.dll

dbghelp: loaded successfully - version: 4.0.5 - missing functions: none
symbol engine: initialized successfully - sym options: 0x614 - pdb path: .;C:\Program Files\Java\jdk-21\bin;C:\Windows\SYSTEM32;C:\Windows\WinSxS\amd64_microsoft.windows.common-controls_6595b64144ccf1df_6.0.22621.6060_none_2712eda17382d24b;C:\Program Files\Java\jdk-21\bin\server

VM Arguments:
jvm_args: -Dcom.sun.management.jmxremote -Dcom.sun.management.jmxremote.port=56672 -Dcom.sun.management.jmxremote.authenticate=false -Dcom.sun.management.jmxremote.ssl=false -Djava.rmi.server.hostname=localhost -Dspring.jmx.enabled=true -Dmanagement.endpoints.jmx.exposure.include=* -Dspring.application.admin.enabled=true -Dspring.output.ansi.enabled=always -XX:TieredStopAtLevel=1 -Dspring.boot.project.name=obs -Dfile.encoding=UTF-8 -Dstdout.encoding=UTF-8 -Dstderr.encoding=UTF-8 -XX:+ShowCodeDetailsInExceptionMessages 
java_command: com.hamit.obs.ObsWebApplication
java_class_path (initial): C:\Users\hamit\git\OBS_WEB\OBS_WEB\target\classes;C:\Users\hamit\.m2\repository\org\springframework\boot\spring-boot-starter-data-jpa\3.5.8\spring-boot-starter-data-jpa-3.5.8.jar;C:\Users\hamit\.m2\repository\org\springframework\boot\spring-boot-starter-jdbc\3.5.8\spring-boot-starter-jdbc-3.5.8.jar;C:\Users\hamit\.m2\repository\com\zaxxer\HikariCP\6.3.3\HikariCP-6.3.3.jar;C:\Users\hamit\.m2\repository\org\springframework\spring-jdbc\6.2.14\spring-jdbc-6.2.14.jar;C:\Users\hamit\.m2\repository\org\hibernate\orm\hibernate-core\6.6.36.Final\hibernate-core-6.6.36.Final.jar;C:\Users\hamit\.m2\repository\jakarta\persistence\jakarta.persistence-api\3.1.0\jakarta.persistence-api-3.1.0.jar;C:\Users\hamit\.m2\repository\jakarta\transaction\jakarta.transaction-api\2.0.1\jakarta.transaction-api-2.0.1.jar;C:\Users\hamit\.m2\repository\org\jboss\logging\jboss-logging\3.6.1.Final\jboss-logging-3.6.1.Final.jar;C:\Users\hamit\.m2\repository\org\hibernate\common\hibernate-commons-annotations\7.0.3.Final\hibernate-commons-annotations-7.0.3.Final.jar;C:\Users\hamit\.m2\repository\io\smallrye\jandex\3.2.0\jandex-3.2.0.jar;C:\Users\hamit\.m2\repository\com\fasterxml\classmate\1.7.1\classmate-1.7.1.jar;C:\Users\hamit\.m2\repository\net\bytebuddy\byte-buddy\1.17.8\byte-buddy-1.17.8.jar;C:\Users\hamit\.m2\repository\org\glassfish\jaxb\jaxb-runtime\4.0.6\jaxb-runtime-4.0.6.jar;C:\Users\hamit\.m2\repository\org\glassfish\jaxb\jaxb-core\4.0.6\jaxb-core-4.0.6.jar;C:\Users\hamit\.m2\repository\org\glassfish\jaxb\txw2\4.0.6\txw2-4.0.6.jar;C:\Users\hamit\.m2\repository\com\sun\istack\istack-commons-runtime\4.1.2\istack-commons-runtime-4.1.2.jar;C:\Users\hamit\.m2\repository\jakarta\inject\jakarta.inject-api\2.0.1\jakarta.inject-api-2.0.1.jar;C:\Users\hamit\.m2\repository\org\antlr\antlr4-runtime\4.13.0\antlr4-runtime-4.13.0.jar;C:\Users\hamit\.m2\repository\org\springframework\data\spring-data-jpa\3.5.6\spring-data-jpa-3.5.6.jar;C:\Users\hamit\.m2\repository\org\springframework\data\spring-data-commons\3.5.6\spring-data-commons-3.5.6.jar;C:\Users\hamit\.m2\repository\org\springframework\spring-orm\6.2.14\spring-orm-6.2.14.jar;C:\Users\hamit\.m2\repository\org\springframework\spring-context\6.2.14\spring-context-6.2.14.jar;C:\Users\hamit\.m2\repository\org\springframework\spring-tx\6.2.14\spring-tx-6.2.14.jar;C:\Users\hamit\.m2\repository\org\springframework\spring-beans\6.2.14\spring-beans-6.2.14.jar;C:\Users\hamit\.m2\repository\org\springframework\spring-aspects\6.2.14\spring-aspects-6.2.14.jar;C:\Users\hamit\.m2\repository\org\aspectj\aspectjweaver\1.9.25\aspectjweaver-1.9.25.jar;C:\Users\hamit\.m2\repository\org\springframework\boot\spring-boot-starter-security\3.5.8\spring-boot-starter-security-3.5.8.jar;C:\Users\hamit\.m2\repository\org\springframework\spring-aop\6.2.14\spring-aop-6.2.14.jar;C:\Users\hamit\.m2\repository\org\springframework\security\spring-security-config\6.5.7\spring-security-config-6.5.7.jar;C:\Users\hamit\.m2\repository\org\springframework\security\spring-security-web\6.5.7\spring-security-web-6.5.7.jar;C:\Users\hamit\.m2\repository\org\springframework\spring-expression\6.2.14\spring-expression-6.2.14.jar;C:\Users\hamit\.m2\repository\org\springframework\boot\spring-boot-starter-thymeleaf\3.5.8\spring-boot-starter-thymeleaf-3.5.8.jar;C:\Users\hamit\.m2\repository\org\thymeleaf\thymeleaf-spring6\3.1.3.RELEASE\thymeleaf-spring6-3.1.3.RELEASE.jar;C:\Users\hamit\.m2\repository\org\thymeleaf\thymeleaf\3.1.3.RELEASE\thymeleaf-3.1.3.RELEASE.jar;C:\Users\hamit\.m2\repository\org\attoparser\attoparser\2.0.7.RELEASE\attoparser-2.0.7.RELEASE.jar;C:\Users\hamit\.m2\repository\org\unbescape\unbescape\1.1.6.RELEASE\unbescape-1.1.6.RELEASE.jar;C:\Users\hamit\.m2\repository\org\springframework\boot\spring-boot-starter-web\3.5.8\spring-boot-starter-web-3.5.8.jar;C:\Users\hamit\.m2\repository\org\springframework\boot\spring-boot-starter-json\3.5.8\spring-boot-starter-json-3.5.8.jar;C:\Users\hamit\.m2\repository\com\fasterxml\jackson\datatype\jackson-datatype-jdk8\2.19.4\jackson-datatype-jdk8-2.19.4.jar;C:\Users\hamit\.m2\repository\com\fasterxml\jackson\datatype\jackson-datatype-jsr310\2.19.4\jackson-datatype-jsr310-2.19.4.jar;C:\Users\hamit\.m2\repository\com\fasterxml\jackson\module\jackson-module-parameter-names\2.19.4\jackson-module-parameter-names-2.19.4.jar;C:\Users\hamit\.m2\repository\org\springframework\boot\spring-boot-starter-tomcat\3.5.8\spring-boot-starter-tomcat-3.5.8.jar;C:\Users\hamit\.m2\repository\org\apache\tomcat\embed\tomcat-embed-core\10.1.49\tomcat-embed-core-10.1.49.jar;C:\Users\hamit\.m2\repository\org\apache\tomcat\embed\tomcat-embed-websocket\10.1.49\tomcat-embed-websocket-10.1.49.jar;C:\Users\hamit\.m2\repository\org\springframework\spring-web\6.2.14\spring-web-6.2.14.jar;C:\Users\hamit\.m2\repository\io\micrometer\micrometer-observation\1.15.6\micrometer-observation-1.15.6.jar;C:\Users\hamit\.m2\repository\io\micrometer\micrometer-commons\1.15.6\micrometer-commons-1.15.6.jar;C:\Users\hamit\.m2\repository\org\springframework\spring-webmvc\6.2.14\spring-webmvc-6.2.14.jar;C:\Users\hamit\.m2\repository\org\springframework\boot\spring-boot-starter\3.5.8\spring-boot-starter-3.5.8.jar;C:\Users\hamit\.m2\repository\org\springframework\boot\spring-boot\3.5.8\spring-boot-3.5.8.jar;C:\Users\hamit\.m2\repository\org\springframework\boot\spring-boot-autoconfigure\3.5.8\spring-boot-autoconfigure-3.5.8.jar;C:\Users\hamit\.m2\repository\org\springframework\boot\spring-boot-starter-logging\3.5.8\spring-boot-starter-logging-3.5.8.jar;C:\Users\hamit\.m2\repository\ch\qos\logback\logback-classic\1.5.21\logback-classic-1.5.21.jar;C:\Users\hamit\.m2\repository\ch\qos\logback\logback-core\1.5.21\logback-core-1.5.21.jar;C:\Users\hamit\.m2\repository\org\apache\logging\log4j\log4j-to-slf4j\2.24.3\log4j-to-slf4j-2.24.3.jar;C:\Users\hamit\.m2\repository\org\apache\logging\log4j\log4j-api\2.24.3\log4j-api-2.24.3.jar;C:\Users\hamit\.m2\repository\org\slf4j\jul-to-slf4j\2.0.17\jul-to-slf4j-2.0.17.jar;C:\Users\hamit\.m2\repository\jakarta\annotation\jakarta.annotation-api\2.1.1\jakarta.annotation-api-2.1.1.jar;C:\Users\hamit\.m2\repository\org\springframework\spring-core\6.2.14\spring-core-6.2.14.jar;C:\Users\hamit\.m2\repository\org\springframework\spring-jcl\6.2.14\spring-jcl-6.2.14.jar;C:\Users\hamit\.m2\repository\org\yaml\snakeyaml\2.4\snakeyaml-2.4.jar;C:\Users\hamit\.m2\repository\org\thymeleaf\extras\thymeleaf-extras-springsecurity6\3.1.3.RELEASE\thymeleaf-extras-springsecurity6-3.1.3.RELEASE.jar;C:\Users\hamit\.m2\repository\org\slf4j\slf4j-api\2.0.17\slf4j-api-2.0.17.jar;C:\Users\hamit\.m2\repository\com\mysql\mysql-connector-j\8.0.33\mysql-connector-j-8.0.33.jar;C:\Users\hamit\.m2\repository\com\microsoft\sqlserver\mssql-jdbc\12.10.2.jre11\mssql-jdbc-12.10.2.jre11.jar;C:\Users\hamit\.m2\repository\org\postgresql\postgresql\42.7.8\postgresql-42.7.8.jar;C:\Users\hamit\.m2\repository\org\checkerframework\checker-qual\3.49.5\checker-qual-3.49.5.jar;C:\Users\hamit\.m2\repository\jakarta\xml\bind\jakarta.xml.bind-api\4.0.4\jakarta.xml.bind-api-4.0.4.jar;C:\Users\hamit\.m2\repository\org\springframework\boot\spring-boot-starter-validation\3.5.8\spring-boot-starter-validation-3.5.8.jar;C:\Users\hamit\.m2\repository\org\apache\tomcat\embed\tomcat-embed-el\10.1.49\tomcat-embed-el-10.1.49.jar;C:\Users\hamit\.m2\repository\org\hibernate\validator\hibernate-validator\8.0.3.Final\hibernate-validator-8.0.3.Final.jar;C:\Users\hamit\.m2\repository\jakarta\validation\jakarta.validation-api\3.0.2\jakarta.validation-api-3.0.2.jar;C:\Users\hamit\.m2\repository\org\springframework\boot\spring-boot-starter-mail\3.5.8\spring-boot-starter-mail-3.5.8.jar;C:\Users\hamit\.m2\repository\org\springframework\spring-context-support\6.2.14\spring-context-support-6.2.14.jar;C:\Users\hamit\.m2\repository\org\eclipse\angus\jakarta.mail\2.0.5\jakarta.mail-2.0.5.jar;C:\Users\hamit\.m2\repository\org\springframework\security\spring-security-core\6.5.7\spring-security-core-6.5.7.jar;C:\Users\hamit\.m2\repository\org\springframework\security\spring-security-crypto\6.5.7\spring-security-crypto-6.5.7.jar;C:\Users\hamit\.m2\repository\org\eclipse\angus\angus-mail\2.0.5\angus-mail-2.0.5.jar;C:\Users\hamit\.m2\repository\jakarta\mail\jakarta.mail-api\2.1.5\jakarta.mail-api-2.1.5.jar;C:\Users\hamit\.m2\repository\jakarta\activation\jakarta.activation-api\2.1.4\jakarta.activation-api-2.1.4.jar;C:\Users\hamit\.m2\repository\org\eclipse\angus\angus-activation\2.0.3\angus-activation-2.0.3.jar;C:\Users\hamit\.m2\repository\org\projectlombok\lombok\1.18.42\lombok-1.18.42.jar;C:\Users\hamit\.m2\repository\net\sf\jasperreports\jasperreports\7.0.0\jasperreports-7.0.0.jar;C:\Users\hamit\.m2\repository\commons-logging\commons-logging\1.3.0\commons-logging-1.3.0.jar;C:\Users\hamit\.m2\repository\org\apache\commons\commons-collections4\4.4\commons-collections4-4.4.jar;C:\Users\hamit\.m2\repository\com\fasterxml\jackson\core\jackson-core\2.19.4\jackson-core-2.19.4.jar;C:\Users\hamit\.m2\repository\com\fasterxml\jackson\core\jackson-annotations\2.19.4\jackson-annotations-2.19.4.jar;C:\Users\hamit\.m2\repository\com\fasterxml\jackson\core\jackson-databind\2.19.4\jackson-databind-2.19.4.jar;C:\Users\hamit\.m2\repository\com\fasterxml\jackson\dataformat\jackson-dataformat-xml\2.19.4\jackson-dataformat-xml-2.19.4.jar;C:\Users\hamit\.m2\repository\org\codehaus\woodstox\stax2-api\4.2.2\stax2-api-4.2.2.jar;C:\Users\hamit\.m2\repository\com\fasterxml\woodstox\woodstox-core\7.1.1\woodstox-core-7.1.1.jar;C:\Users\hamit\.m2\repository\org\apache\xmlgraphics\batik-anim\1.17\batik-anim-1.17.jar;C:\Users\hamit\.m2\repository\org\apache\xmlgraphics\batik-ext\1.17\batik-ext-1.17.jar;C:\Users\hamit\.m2\repository\org\apache\xmlgraphics\batik-parser\1.17\batik-parser-1.17.jar;C:\Users\hamit\.m2\repository\org\apache\xmlgraphics\batik-shared-resources\1.17\batik-shared-resources-1.17.jar;C:\Users\hamit\.m2\repository\org\apache\xmlgraphics\batik-bridge\1.17\batik-bridge-1.17.jar;C:\Users\hamit\.m2\repository\org\apache\xmlgraphics\batik-script\1.17\batik-script-1.17.jar;C:\Users\hamit\.m2\repository\org\apache\xmlgraphics\batik-xml\1.17\batik-xml-1.17.jar;C:\Users\hamit\.m2\repository\org\apache\xmlgraphics\xmlgraphics-commons\2.9\xmlgraphics-commons-2.9.jar;C:\Users\hamit\.m2\repository\commons-io\commons-io\2.11.0\commons-io-2.11.0.jar;C:\Users\hamit\.m2\repository\org\apache\xmlgraphics\batik-dom\1.17\batik-dom-1.17.jar;C:\Users\hamit\.m2\repository\org\apache\xmlgraphics\batik-svg-dom\1.17\batik-svg-dom-1.17.jar;C:\Users\hamit\.m2\repository\org\apache\xmlgraphics\batik-awt-util\1.17\batik-awt-util-1.17.jar;C:\Users\hamit\.m2\repository\org\apache\xmlgraphics\batik-gvt\1.17\batik-gvt-1.17.jar;C:\Users\hamit\.m2\repository\org\apache\xmlgraphics\batik-util\1.17\batik-util-1.17.jar;C:\Users\hamit\.m2\repository\org\apache\xmlgraphics\batik-i18n\1.17\batik-i18n-1.17.jar;C:\Users\hamit\.m2\repository\org\apache\xmlgraphics\batik-constants\1.17\batik-constants-1.17.jar;C:\Users\hamit\.m2\repository\org\apache\xmlgraphics\batik-css\1.17\batik-css-1.17.jar;C:\Users\hamit\.m2\repository\xml-apis\xml-apis-ext\1.3.04\xml-apis-ext-1.3.04.jar;C:\Users\hamit\.m2\repository\commons-beanutils\commons-beanutils\1.9.4\commons-beanutils-1.9.4.jar;C:\Users\hamit\.m2\repository\commons-collections\commons-collections\3.2.2\commons-collections-3.2.2.jar;C:\Users\hamit\.m2\repository\net\sf\jasperreports\jasperreports-pdf\7.0.0\jasperreports-pdf-7.0.0.jar;C:\Users\hamit\.m2\repository\com\github\librepdf\openpdf\1.3.32\openpdf-1.3.32.jar;C:\Users\hamit\.m2\repository\com\adobe\xmp\xmpcore\6.1.11\xmpcore-6.1.11.jar;C:\Users\hamit\.m2\repository\net\sf\jasperreports\jasperreports-jdt\7.0.1\jasperreports-jdt-7.0.1.jar;C:\Users\hamit\.m2\repository\org\eclipse\jdt\ecj\3.40.0\ecj-3.40.0.jar;C:\Users\hamit\.m2\repository\org\springframework\boot\spring-boot-configuration-processor\3.5.8\spring-boot-configuration-processor-3.5.8.jar;C:\Users\hamit\.m2\repository\org\jsoup\jsoup\1.18.3\jsoup-1.18.3.jar;C:\Users\hamit\.m2\repository\org\apache\poi\poi\4.1.2\poi-4.1.2.jar;C:\Users\hamit\.m2\repository\commons-codec\commons-codec\1.18.0\commons-codec-1.18.0.jar;C:\Users\hamit\.m2\repository\org\apache\commons\commons-math3\3.6.1\commons-math3-3.6.1.jar;C:\Users\hamit\.m2\repository\com\zaxxer\SparseBitSet\1.2\SparseBitSet-1.2.jar;C:\Users\hamit\.m2\repository\org\apache\poi\poi-ooxml\4.1.2\poi-ooxml-4.1.2.jar;C:\Users\hamit\.m2\repository\org\apache\commons\commons-compress\1.19\commons-compress-1.19.jar;C:\Users\hamit\.m2\repository\com\github\virtuald\curvesapi\1.06\curvesapi-1.06.jar;C:\Users\hamit\.m2\repository\org\apache\poi\poi-scratchpad\4.1.2\poi-scratchpad-4.1.2.jar;C:\Users\hamit\.m2\repository\org\apache\poi\poi-ooxml-schemas\4.1.2\poi-ooxml-schemas-4.1.2.jar;C:\Users\hamit\.m2\repository\org\apache\xmlbeans\xmlbeans\3.1.0\xmlbeans-3.1.0.jar;C:\Users\hamit\.m2\repository\commons-net\commons-net\3.9.0\commons-net-3.9.0.jar
Launcher Type: SUN_STANDARD

[Global flags]
     intx CICompilerCount                          = 3                                         {product} {ergonomic}
     uint ConcGCThreads                            = 1                                         {product} {ergonomic}
     uint G1ConcRefinementThreads                  = 4                                         {product} {ergonomic}
   size_t G1HeapRegionSize                         = 2097152                                   {product} {ergonomic}
    uintx GCDrainStackTargetSize                   = 64                                        {product} {ergonomic}
   size_t InitialHeapSize                          = 268435456                                 {product} {ergonomic}
     bool ManagementServer                         = true                                      {product} {command line}
   size_t MarkStackSize                            = 4194304                                   {product} {ergonomic}
   size_t MaxHeapSize                              = 4280287232                                {product} {ergonomic}
   size_t MaxNewSize                               = 2566914048                                {product} {ergonomic}
   size_t MinHeapDeltaBytes                        = 2097152                                   {product} {ergonomic}
   size_t MinHeapSize                              = 8388608                                   {product} {ergonomic}
    uintx NonNMethodCodeHeapSize                   = 4096                                   {pd product} {ergonomic}
    uintx NonProfiledCodeHeapSize                  = 0                                      {pd product} {ergonomic}
     bool ProfileInterpreter                       = false                                  {pd product} {command line}
    uintx ProfiledCodeHeapSize                     = 0                                      {pd product} {ergonomic}
     bool ShowCodeDetailsInExceptionMessages       = true                                   {manageable} {command line}
   size_t SoftMaxHeapSize                          = 4280287232                             {manageable} {ergonomic}
     intx TieredStopAtLevel                        = 1                                         {product} {command line}
     bool UseCompressedOops                        = true                           {product lp64_product} {ergonomic}
     bool UseG1GC                                  = true                                      {product} {ergonomic}
     bool UseLargePagesIndividualAllocation        = false                                  {pd product} {ergonomic}

Logging:
Log output configuration:
 #0: stdout all=warning uptime,level,tags foldmultilines=false
 #1: stderr all=off uptime,level,tags foldmultilines=false

Environment Variables:
JAVA_HOME=C:\Program Files\Java\jdk-21
PATH=C:\Windows\system32;C:\Windows;C:\Windows\System32\Wbem;C:\Windows\System32\WindowsPowerShell\v1.0\;C:\Windows\System32\OpenSSH\;C:\Program Files\Java\jdk-21\bin;C:\Program Files (x86)\Microsoft SQL Server\160\Tools\Binn\;C:\Program Files\Microsoft SQL Server\160\Tools\Binn\;C:\Program Files\Microsoft SQL Server\Client SDK\ODBC\170\Tools\Binn\;C:\Program Files\Microsoft SQL Server\160\DTS\Binn\;C:\Users\hamit\AppData\Local\Microsoft\WindowsApps;
USERNAME=hamit
OS=Windows_NT
PROCESSOR_IDENTIFIER=Intel64 Family 6 Model 94 Stepping 3, GenuineIntel
TMP=C:\Users\hamit\AppData\Local\Temp
TEMP=C:\Users\hamit\AppData\Local\Temp




Periodic native trim disabled

---------------  S Y S T E M  ---------------

OS:
 Windows 11 , 64 bit Build 22621 (10.0.22621.5415)
OS uptime: 3 days 1:25 hours
Hyper-V role detected

CPU: total 4 (initial active 4) (4 cores per cpu, 1 threads per core) family 6 model 94 stepping 3 microcode 0xd6, cx8, cmov, fxsr, mmx, 3dnowpref, sse, sse2, sse3, ssse3, sse4.1, sse4.2, popcnt, lzcnt, tsc, tscinvbit, avx, avx2, aes, erms, clmul, bmi1, bmi2, rtm, adx, fma, vzeroupper, clflush, clflushopt, hv, rdtscp, f16c
Processor Information for all 4 processors :
  Max Mhz: 3301, Current Mhz: 3301, Mhz Limit: 3301

Memory: 4k page, system-wide physical 16326M (8569M free)
TotalPageFile size 19270M (AvailPageFile size 7043M)
current process WorkingSet (physical memory assigned to process): 194M, peak: 194M
current process commit charge ("private bytes"): 229M, peak: 373M

vm_info: Java HotSpot(TM) 64-Bit Server VM (21.0.2+13-LTS-58) for windows-amd64 JRE (21.0.2+13-LTS-58), built on 2024-01-05T18:32:24Z by "mach5one" with MS VC++ 17.1 (VS2022)

END.
